Logfile initialized
[INFO] logfile = /Users/josediaz/Documents/tcad-code/Starting_code/TiBH220/build.log
[DEBUG] /Users/josediaz/Library/Application Support/Titanium/mobilesdk/osx/3.0.0.GA/android/builder.py simulator TiBH220 /Users/josediaz/tools/android-sdk-macosx /Users/josediaz/Documents/tcad-code/Starting_code/TiBH220 com.appc.tibh220 9 HVGA 
[INFO] Building TiBH220 for Android ... one moment
[INFO] Titanium SDK version: 3.0.0 (12/12/12 18:49 a5894b3)
[DEBUG] Waiting for device to be ready ...
[TRACE] adb devices returned 1 devices/emulators
[DEBUG] Device connected... (waited 0 seconds)
[DEBUG] waited 0.035526 seconds on emulator to get ready
[DEBUG] com.appc.tibh220 installed? True
[INFO] Fastdev server running, deploying in Fastdev mode
[INFO] Copying CommonJS modules...
[INFO] Copying project resources..
[TRACE] COPYING MODIFIED FILE: /Users/josediaz/Documents/tcad-code/Starting_code/TiBH220/Resources/ui/common/DetailWindow.js => /Users/josediaz/Documents/tcad-code/Starting_code/TiBH220/build/android/bin/assets/Resources/ui/common/DetailWindow.js
[INFO] Tiapp.xml unchanged, skipping class generation
[DEBUG] Processing Android resource drawables
[DEBUG] found drawable-long-land-hdpi splash screen at /Users/josediaz/Documents/tcad-code/Starting_code/TiBH220/Resources/android/images/res-long-land-hdpi/default.png
[DEBUG] found drawable-long-land-ldpi splash screen at /Users/josediaz/Documents/tcad-code/Starting_code/TiBH220/Resources/android/images/res-long-land-ldpi/default.png
[DEBUG] found drawable-long-port-hdpi splash screen at /Users/josediaz/Documents/tcad-code/Starting_code/TiBH220/Resources/android/images/res-long-port-hdpi/default.png
[DEBUG] found drawable-long-port-ldpi splash screen at /Users/josediaz/Documents/tcad-code/Starting_code/TiBH220/Resources/android/images/res-long-port-ldpi/default.png
[DEBUG] found drawable-notlong-land-hdpi splash screen at /Users/josediaz/Documents/tcad-code/Starting_code/TiBH220/Resources/android/images/res-notlong-land-hdpi/default.png
[DEBUG] found drawable-notlong-land-ldpi splash screen at /Users/josediaz/Documents/tcad-code/Starting_code/TiBH220/Resources/android/images/res-notlong-land-ldpi/default.png
[DEBUG] found drawable-notlong-land-mdpi splash screen at /Users/josediaz/Documents/tcad-code/Starting_code/TiBH220/Resources/android/images/res-notlong-land-mdpi/default.png
[DEBUG] found drawable-notlong-port-hdpi splash screen at /Users/josediaz/Documents/tcad-code/Starting_code/TiBH220/Resources/android/images/res-notlong-port-hdpi/default.png
[DEBUG] found drawable-notlong-port-ldpi splash screen at /Users/josediaz/Documents/tcad-code/Starting_code/TiBH220/Resources/android/images/res-notlong-port-ldpi/default.png
[DEBUG] found drawable-notlong-port-mdpi splash screen at /Users/josediaz/Documents/tcad-code/Starting_code/TiBH220/Resources/android/images/res-notlong-port-mdpi/default.png
[INFO] Re-launching application ... TiBH220
[INFO] Launching application ... TiBH220
[TRACE] Launch output: Starting: Intent { act=android.intent.action.MAIN cat=[android.intent.category.LAUNCHER] flg=0x10200000 cmp=com.appc.tibh220/.Tibh220Activity }
Warning: Activity not started, its current task has been brought to the front

